<?xml version='1.0' encoding='UTF-8'?>
<testsuite hostname="LAPTOP-M4QV4R99" name="example.ListsSuite" tests="8" errors="0" failures="0" time="0.017">
                     <properties>
[...]
</properties>
                     <testcase classname="example.ListsSuite" name="one plus one is two" time="0.009">
                                                 
                                               </testcase><testcase classname="example.ListsSuite" name="intNotZero throws an exception if its argument is 0" time="0.002">
                                                 
                                               </testcase><testcase classname="example.ListsSuite" name="sum of a few numbers" time="0.004">
                                                 
                                               </testcase><testcase classname="example.ListsSuite" name="sum of negative numbers" time="0.001">
                                                 
                                               </testcase><testcase classname="example.ListsSuite" name="sum of mixed numbers" time="0.0">
                                                 
                                               </testcase><testcase classname="example.ListsSuite" name="max of a few numbers" time="0.0">
                                                 
                                               </testcase><testcase classname="example.ListsSuite" name="max of all repeated numbers" time="0.0">
                                                 
                                               </testcase><testcase classname="example.ListsSuite" name="max of negative numbers" time="0.001">
                                                 
                                               </testcase>
                     <system-out></system-out>
                     <system-err></system-err>
                   </testsuite>